0.002309560775756836
3.11728572845459
0.0018641948699951172
3.121382236480713
6.236435651779175
1.228705644607544
4.341663122177124
7.456213712692261
10.568665266036987
5.553462743759155
0.0014674663543701172
3.118337869644165
0.0014650821685791016
3.124666213989258
0.0018734931945800781
3.1131768226623535
0.001237630844116211
3.11324405670166
0.0011715888977050781
0.001779317855834961
3.1200454235076904
0.0013973712921142578
3.1131069660186768
0.0013275146484375
3.116360902786255
0.0015568733215332031
3.119119882583618
