2.992619037628174
0.002393960952758789
3.1156561374664307
0.001478433609008789
3.119283437728882
6.235549688339233
1.2377004623413086
4.360380411148071
7.468257188796997
10.588609218597412
5.5802366733551025
8.694493770599365
11.81402587890625
1.9999635219573975
0.0019195079803466797
3.1175694465637207
0.0017516613006591797
3.11330246925354
0.0014433860778808594
3.113393783569336
0.0012354850769042969
3.1247799396514893
0.0013315677642822266
3.1185834407806396
2.0113868713378906
0.002823352813720703
3.1179556846618652
0.0014662742614746094
3.121671676635742
0.0027811527252197266
3.115769386291504
0.00125885009765625
3.1165554523468018
0.0010323524475097656
