0.002611875534057617
0.0016014575958251953
0.001943349838256836
0.002012491226196289
0.0024001598358154297
0.00188446044921875
0.005082845687866211
0.003156900405883789
0.0010886192321777344
0.001177072525024414
0.001954793930053711
0.0011832714080810547
0.0011620521545410156
0.03620743751525879
0.002331972122192383
0.0008575916290283203
0.0014290809631347656
0.0009677410125732422
0.001650094985961914
0.0014269351959228516
0.001405477523803711
0.0023789405822753906
0.0018160343170166016
0.0007469654083251953
0.0008854866027832031
0.0012402534484863281
0.0009419918060302734
0.001739501953125
0.0007138252258300781
0.0016589164733886719
0.001222372055053711
0.0017783641815185547
0.0005888938903808594
0.0010101795196533203
0.0012993812561035156
0.0028982162475585938
0.0013515949249267578
0.0007927417755126953
