0.002015352249145508
0.042867422103881836
0.004322052001953125
0.0009388923645019531
0.000644683837890625
0.0017881393432617188
0.0012407302856445312
0.0011138916015625
0.0014736652374267578
0.002427816390991211
0.0013322830200195312
0.0006175041198730469
0.0009794235229492188
0.0008482933044433594
0.0009052753448486328
0.0015511512756347656
0.0014829635620117188
0.0011072158813476562
0.0009486675262451172
0.001283407211303711
0.000759124755859375
0.0009570121765136719
0.0012829303741455078
0.0006964206695556641
0.005347013473510742
0.0023589134216308594
0.001033782958984375
0.0009975433349609375
0.0019006729125976562
0.0005772113800048828
0.0006577968597412109
0.0008487701416015625
0.002093791961669922
0.0007641315460205078
0.0018248558044433594
0.0011510848999023438
