0.0007307529449462891
0.0005388259887695312
0.0006937980651855469
0.0006759166717529297
0.0009233951568603516
0.0005953311920166016
0.0006954669952392578
0.0007612705230712891
0.0006225109100341797
0.0009658336639404297
0.0007863044738769531
0.0008251667022705078
0.0007450580596923828
0.000965118408203125
0.00074005126953125
0.0007777214050292969
0.0009829998016357422
0.0009009838104248047
0.0008656978607177734
0.0010371208190917969
0.000606536865234375
0.0006349086761474609
0.0006537437438964844
0.0006434917449951172
0.0009105205535888672
0.0005402565002441406
0.0006096363067626953
0.0005381107330322266
0.0005922317504882812
0.0007531642913818359
0.0006730556488037109
0.0004467964172363281
0.0005309581756591797
0.0006692409515380859
0.0008344650268554688
0.0005917549133300781
0.0007669925689697266
0.0006282329559326172
0.0006692409515380859
0.0006451606750488281
0.0008385181427001953
0.0006392002105712891
0.0008523464202880859
0.0006568431854248047
0.0006511211395263672
0.0007891654968261719
0.0008206367492675781
0.0006809234619140625
0.0008494853973388672
0.0008282661437988281
0.0008890628814697266
0.0006313323974609375
0.0006535053253173828
0.0007719993591308594
0.0006546974182128906
0.0006771087646484375
0.0006299018859863281
0.0006306171417236328
0.0006616115570068359
0.0008342266082763672
0.0005371570587158203
0.0006644725799560547
0.0006282329559326172
0.0006277561187744141
0.0006570816040039062
0.0005612373352050781
0.0006282329559326172
0.0008575916290283203
0.0006282329559326172
0.0006213188171386719
0.0006296634674072266
0.0006167888641357422
0.0006210803985595703
0.0010912418365478516
0.0011682510375976562
0.0008556842803955078
0.0007233619689941406
0.0009109973907470703
0.0009558200836181641
0.000690460205078125
0.0006566047668457031
0.0008797645568847656
0.0008947849273681641
0.0006799697875976562
0.0009031295776367188
0.0007965564727783203
0.0007677078247070312
0.0006129741668701172
0.0007069110870361328
217.97688841819763
216.9782269001007
215.97947239875793
214.9780089855194
213.97665405273438
212.97882199287415
211.97888469696045
210.96604943275452
209.96380829811096
208.9624309539795
207.95720863342285
206.95004677772522
205.9496874809265
204.94924759864807
203.94892621040344
202.95172262191772
201.951815366745
200.95190048217773
199.9514982700348
198.9508593082428
197.95040011405945
196.95016741752625
195.9498462677002
194.93908667564392
193.9398696422577
192.9407684803009
191.94081735610962
190.9406886100769
189.94049453735352
188.94084000587463
187.94178867340088
186.94015097618103
185.93917226791382
184.9390549659729
183.93886303901672
182.9389612674713
0.0005979537963867188
0.0005517005920410156
0.0005595684051513672
0.0006532669067382812
0.0005671977996826172
0.00046944618225097656
0.0004601478576660156
0.0007069110870361328
0.0005197525024414062
0.0005247592926025391
0.0005316734313964844
0.0004642009735107422
0.0005240440368652344
0.0005221366882324219
0.0008056163787841797
0.000675201416015625
0.0005228519439697266
0.0006239414215087891
0.00054168701171875
0.0004839897155761719
0.0006721019744873047
0.0007784366607666016
0.0005357265472412109
0.0005776882171630859
0.0005171298980712891
0.0005002021789550781
0.0005548000335693359
0.0006608963012695312
0.0005841255187988281
0.0007283687591552734
0.0006470680236816406
0.0006515979766845703
0.0007181167602539062
0.0006723403930664062
0.0006363391876220703
0.0006649494171142578
0.0006234645843505859
0.0008935928344726562
0.0007331371307373047
0.0006475448608398438
0.0006492137908935547
0.000644683837890625
0.000652313232421875
0.0009055137634277344
0.0007355213165283203
0.0006718635559082031
0.0008192062377929688
0.0005953311920166016
0.0007898807525634766
0.0008080005645751953
0.0006344318389892578
0.0006160736083984375
0.0007479190826416016
0.0005953311920166016
0.0005857944488525391
0.0006833076477050781
0.0005903244018554688
0.0008535385131835938
0.0005090236663818359
0.0007152557373046875
0.0009701251983642578
0.0005543231964111328
0.0006036758422851562
0.0006201267242431641
0.0007236003875732422
0.0006279945373535156
0.0006301403045654297
0.0005557537078857422
0.0008141994476318359
0.0007038116455078125
0.0006239414215087891
0.0006103515625
0.0007395744323730469
0.0006537437438964844
0.0009129047393798828
0.0006740093231201172
0.0006279945373535156
0.0006997585296630859
0.0006108283996582031
0.0007793903350830078
0.0005886554718017578
0.0005123615264892578
280.1871268749237
279.188481092453
278.190575838089
277.0771234035492
276.0456337928772
275.0468375682831
273.9555871486664
272.95600509643555
271.9560115337372
270.9541277885437
269.95246505737305
268.9520833492279
267.9516966342926
266.95213079452515
265.9526696205139
264.95258116722107
263.95240330696106
262.9522502422333
261.95212411880493
260.95213532447815
259.95708322525024
258.9571211338043
257.957542181015
256.9574043750763
255.95762753486633
254.95686769485474
253.9566240310669
252.95628905296326
251.95745301246643
250.95427012443542
249.95207381248474
248.95205545425415
247.95204210281372
246.9519190788269
245.95169377326965
0.0006797313690185547
0.00044465065002441406
0.0004951953887939453
0.0004980564117431641
0.0006778240203857422
0.0006806850433349609
0.0006494522094726562
0.0007202625274658203
0.0008697509765625
0.0008068084716796875
0.0005853176116943359
0.0006449222564697266
0.0005321502685546875
0.00047779083251953125
0.0007302761077880859
0.0006639957427978516
0.0005676746368408203
0.0004899501800537109
0.0004961490631103516
0.0006625652313232422
0.0005757808685302734
0.0007200241088867188
0.0005609989166259766
0.0005428791046142578
0.0007653236389160156
0.0006778240203857422
0.0008752346038818359
0.0008387565612792969
0.0006797313690185547
0.0006906986236572266
0.0006368160247802734
0.0007200241088867188
0.0007998943328857422
0.0005955696105957031
0.0008070468902587891
0.0006949901580810547
0.0006573200225830078
0.0006253719329833984
0.0006222724914550781
0.0006382465362548828
0.0008146762847900391
0.0006175041198730469
0.0006456375122070312
0.0007524490356445312
0.0006644725799560547
0.0007915496826171875
0.0006461143493652344
0.000732421875
0.0007579326629638672
0.0006170272827148438
0.0007190704345703125
0.0005841255187988281
0.0006709098815917969
0.0006732940673828125
0.0007269382476806641
0.0009484291076660156
0.0006620883941650391
0.0009965896606445312
0.000820159912109375
0.0009143352508544922
0.0006923675537109375
0.000946044921875
0.0006737709045410156
0.0007441043853759766
0.0006847381591796875
0.0009107589721679688
0.0007216930389404297
0.0006723403930664062
0.0006334781646728516
0.0008969306945800781
0.021422386169433594
0.0007979869842529297
0.0009210109710693359
0.0006806850433349609
0.0006561279296875
0.0006105899810791016
0.0005941390991210938
0.0011286735534667969
0.0007038116455078125
0.000629425048828125
0.0005710124969482422
0.0006060600280761719
0.00067138671875
0.0007283687591552734
0.0005383491516113281
0.0006608963012695312
0.0006635189056396484
0.0006093978881835938
0.0009560585021972656
0.0007185935974121094
0.0005230903625488281
0.0006384849548339844
0.0006473064422607422
0.0005664825439453125
0.0004763603210449219
0.0006101131439208984
0.0005261898040771484
0.0005571842193603516
0.0005896091461181641
0.0005867481231689453
0.0005781650543212891
0.0006802082061767578
0.0006432533264160156
0.0010917186737060547
0.0010101795196533203
0.0006318092346191406
0.0004563331604003906
0.0005853176116943359
0.0006995201110839844
0.0005636215209960938
0.0005486011505126953
0.00057220458984375
0.0006678104400634766
0.0005736351013183594
0.0004661083221435547
0.0005738735198974609
0.0005967617034912109
0.0005056858062744141
0.00043392181396484375
0.0005660057067871094
0.0006432533264160156
0.0006344318389892578
0.0005867481231689453
0.0007386207580566406
0.00057220458984375
0.0010349750518798828
0.0005743503570556641
0.0007212162017822266
99.9543845653534
98.96101570129395
97.9630720615387
96.96286940574646
95.96488547325134
94.96260523796082
93.96298599243164
92.96323442459106
91.96379685401917
90.96524906158447
89.9703459739685
88.97286343574524
87.96532368659973
86.96605062484741
85.96631407737732
