2.2841837406158447
4.490722417831421
6.695523977279663
5.8969995975494385
5.093745470046997
4.295632839202881
3.4987258911132812
2.701179265975952
1.904294729232788
1.1104376316070557
0.3124256134033203
0.0008757114410400391
0.0007956027984619141
0.0010094642639160156
0.0009629726409912109
0.0006401538848876953
0.0011284351348876953
0.0006844997406005859
0.001032114028930664
0.001617431640625
0.0009620189666748047
0.0011653900146484375
0.001735687255859375
0.0015232563018798828
0.00044727325439453125
0.001965045928955078
0.0007228851318359375
0.0006296634674072266
0.0008602142333984375
0.0006413459777832031
0.0005106925964355469
0.0012066364288330078
0.0005655288696289062
0.0014805793762207031
0.0006477832794189453
0.0006129741668701172
0.0006413459777832031
0.0004901885986328125
0.0004429817199707031
0.0006499290466308594
0.0006499290466308594
0.0010457038879394531
0.0011734962463378906
0.0010666847229003906
0.0011665821075439453
0.0014879703521728516
0.001819610595703125
0.0012218952178955078
0.0011525154113769531
0.0008893013000488281
0.0014967918395996094
0.0009920597076416016
0.0007889270782470703
0.001134634017944336
0.0014269351959228516
0.0010859966278076172
0.00128936767578125
0.0007944107055664062
0.0007312297821044922
