0.0009565353393554688
0.0005998611450195312
0.0006229877471923828
0.00044274330139160156
0.0009562969207763672
0.0005831718444824219
0.0006203651428222656
0.0009791851043701172
0.0004475116729736328
0.0011749267578125
0.0008521080017089844
0.0011501312255859375
0.0008192062377929688
0.0008628368377685547
0.0005016326904296875
0.0006380081176757812
0.0007915496826171875
0.0005950927734375
0.0007650852203369141
0.0009047985076904297
0.0007126331329345703
0.0022873878479003906
0.0011050701141357422
0.0010004043579101562
0.0007193088531494141
0.0006849765777587891
0.0008969306945800781
0.0006556510925292969
0.0004982948303222656
0.0007340908050537109
0.00079345703125
0.0007510185241699219
0.0010833740234375
0.0005078315734863281
0.000621795654296875
0.0007278919219970703
0.0009887218475341797
0.0010826587677001953
0.0007688999176025391
0.000598907470703125
0.0009753704071044922
0.0008137226104736328
0.0007810592651367188
0.0006487369537353516
0.0012171268463134766
0.0008406639099121094
0.0007412433624267578
0.0004127025604248047
0.0006003379821777344
0.0005633831024169922
0.0012748241424560547
0.0006978511810302734
0.0003826618194580078
0.0008904933929443359
0.0008008480072021484
0.0010890960693359375
0.0006554126739501953
0.0005853176116943359
0.0013871192932128906
0.0005114078521728516
0.00040268898010253906
0.0008561611175537109
0.0007390975952148438
0.0005421638488769531
0.0014147758483886719
0.0009131431579589844
0.0007636547088623047
0.0009310245513916016
0.00045037269592285156
0.0006568431854248047
0.0005326271057128906
0.0007245540618896484
0.0006229877471923828
0.0007965564727783203
0.0004620552062988281
0.0010104179382324219
0.0005452632904052734
0.0009148120880126953
0.00069427490234375
0.0006778240203857422
0.0009469985961914062
0.0006520748138427734
0.0004928112030029297
0.0005135536193847656
0.0005695819854736328
0.0007691383361816406
0.0007641315460205078
0.0005512237548828125
0.0005574226379394531
0.0007460117340087891
0.000812530517578125
0.0008685588836669922
0.000579833984375
0.0008957386016845703
0.0020694732666015625
0.001055002212524414
0.0006191730499267578
0.0008170604705810547
0.0007576942443847656
0.0008795261383056641
0.0008132457733154297
0.0004863739013671875
0.0012688636779785156
0.0005152225494384766
0.0007765293121337891
0.0005285739898681641
0.0009753704071044922
0.0007233619689941406
0.0006835460662841797
0.00045180320739746094
0.0007302761077880859
0.0004699230194091797
0.0013959407806396484
0.0007052421569824219
0.0009582042694091797
0.0007128715515136719
0.0013394355773925781
0.0006306171417236328
0.0004932880401611328
0.0012993812561035156
0.0013051033020019531
0.0007574558258056641
0.0009965896606445312
0.0011017322540283203
0.0011060237884521484
0.0008027553558349609
0.000766754150390625
0.0006542205810546875
0.0009405612945556641
0.0007786750793457031
0.0007698535919189453
0.000789642333984375
0.0005216598510742188
0.0006146430969238281
0.0008978843688964844
0.0005247592926025391
0.0006272792816162109
0.0005147457122802734
0.0006265640258789062
0.0003802776336669922
0.0006783008575439453
0.0005638599395751953
0.0005974769592285156
0.0005292892456054688
0.000675201416015625
0.0011751651763916016
0.0010004043579101562
0.0012063980102539062
0.0005025863647460938
0.0005893707275390625
0.0007290840148925781
0.0010340213775634766
0.0012068748474121094
0.0008690357208251953
0.0007102489471435547
0.0008761882781982422
0.0008089542388916016
0.001146078109741211
0.0009167194366455078
0.0011920928955078125
0.0006184577941894531
0.0007030963897705078
0.0004994869232177734
0.000331878662109375
0.0003948211669921875
0.0006592273712158203
0.0009188652038574219
0.0015993118286132812
0.0012347698211669922
0.0006999969482421875
0.0009839534759521484
0.0010571479797363281
42.367043256759644
41.36912727355957
40.36889362335205
39.370981216430664
38.37149453163147
37.37115502357483
36.37153697013855
35.37121248245239
34.370213985443115
33.369746685028076
32.369625091552734
31.370004177093506
30.36878228187561
29.3674418926239
28.365928173065186
27.366320610046387
26.36615800857544
25.364694118499756
24.363518953323364
23.36166286468506
22.360230445861816
21.359464168548584
20.356280088424683
19.355356693267822
18.35518980026245
17.355300426483154
16.35452651977539
15.35295581817627
14.351346254348755
13.351561546325684
12.35126519203186
11.349621295928955
10.348454475402832
9.347540616989136
8.346183776855469
7.344232797622681
6.343147277832031
5.340958118438721
4.339962482452393
3.3396592140197754
2.3385634422302246
1.337792158126831
0.3371307849884033
0.0005848407745361328
0.0004639625549316406
0.0007154941558837891
0.0006792545318603516
0.0009281635284423828
0.0007658004760742188
0.0006463527679443359
0.0004999637603759766
0.00045228004455566406
0.0013017654418945312
0.0005793571472167969
0.0009303092956542969
0.0003674030303955078
0.0007302761077880859
0.0005762577056884766
0.0007419586181640625
0.0005877017974853516
0.0007712841033935547
0.0009093284606933594
0.0006375312805175781
0.0005552768707275391
0.0009851455688476562
0.0010623931884765625
0.0007123947143554688
0.00046539306640625
0.0009093284606933594
0.0005831718444824219
0.0005786418914794922
0.0003535747528076172
0.0006687641143798828
0.00079345703125
0.0008776187896728516
0.0006673336029052734
0.0006933212280273438
0.0006616115570068359
0.0006432533264160156
0.0005884170532226562
0.0006301403045654297
0.0006520748138427734
0.0006375312805175781
0.0005984306335449219
0.0010395050048828125
0.0008223056793212891
0.0006308555603027344
0.000652313232421875
0.0008056163787841797
0.0005135536193847656
0.0009095668792724609
0.0005657672882080078
0.0013234615325927734
0.0005548000335693359
0.0007700920104980469
0.0005407333374023438
0.0007610321044921875
0.00047588348388671875
0.0007021427154541016
0.0004558563232421875
0.0008482933044433594
0.0003619194030761719
0.00043964385986328125
0.0006060600280761719
0.0005934238433837891
0.0009930133819580078
0.0006928443908691406
0.0006923675537109375
0.0007340908050537109
0.0008256435394287109
0.0008032321929931641
0.001041412353515625
0.0010700225830078125
0.0008687973022460938
0.0005800724029541016
0.0007405281066894531
0.0005710124969482422
0.0008170604705810547
0.0004642009735107422
0.0006914138793945312
0.0006847381591796875
0.0009210109710693359
0.0009026527404785156
0.0009558200836181641
0.0007135868072509766
0.0005183219909667969
0.0005691051483154297
0.0008413791656494141
0.0003867149353027344
0.0005147457122802734
0.0008780956268310547
0.00091552734375
0.0007040500640869141
0.0008244514465332031
0.0005764961242675781
0.0003867149353027344
0.00038933753967285156
0.00079345703125
0.0008096694946289062
0.0005304813385009766
0.00048470497131347656
0.000732421875
0.0005586147308349609
0.0005390644073486328
0.0006477832794189453
0.0004565715789794922
0.0006926059722900391
0.0005257129669189453
0.0008907318115234375
0.0004405975341796875
0.0007765293121337891
0.0010714530944824219
0.0011496543884277344
0.0005779266357421875
0.0008392333984375
0.0005931854248046875
0.001070261001586914
0.0009067058563232422
0.0006880760192871094
0.0006039142608642578
0.0004935264587402344
0.0006263256072998047
0.0007581710815429688
0.0008244514465332031
0.00031185150146484375
0.0004773139953613281
0.0010428428649902344
0.0007107257843017578
0.0008802413940429688
0.001008749008178711
0.0012061595916748047
0.0006389617919921875
0.0010023117065429688
0.0008449554443359375
0.0006101131439208984
0.0011699199676513672
0.0009260177612304688
0.0009126663208007812
0.0007016658782958984
0.0009527206420898438
0.0008122920989990234
0.0006988048553466797
0.0005464553833007812
0.0006999969482421875
0.0006022453308105469
0.0006246566772460938
0.0006587505340576172
0.0006260871887207031
0.0006601810455322266
0.0006203651428222656
0.0005168914794921875
0.0006041526794433594
0.0008487701416015625
0.0008778572082519531
0.0007212162017822266
0.0007302761077880859
0.0008494853973388672
0.0012390613555908203
0.0005967617034912109
0.0009448528289794922
0.0015201568603515625
0.0009543895721435547
0.0010600090026855469
0.0007007122039794922
0.0008409023284912109
0.0009164810180664062
0.0008182525634765625
0.0007510185241699219
0.0006818771362304688
0.0005950927734375
0.0011663436889648438
0.0012938976287841797
0.001008749008178711
0.0004820823669433594
0.0009675025939941406
0.0007183551788330078
0.0007748603820800781
0.00028204917907714844
0.0005784034729003906
0.0006639957427978516
0.0005903244018554688
0.0005257129669189453
0.0008029937744140625
0.0012018680572509766
0.0013725757598876953
0.0005619525909423828
0.001758575439453125
0.0006771087646484375
0.0008420944213867188
0.0005726814270019531
0.0006010532379150391
0.0006875991821289062
0.0006775856018066406
0.0006921291351318359
0.0008733272552490234
0.0005519390106201172
0.0006203651428222656
0.0010311603546142578
0.0008616447448730469
0.0004527568817138672
0.0008296966552734375
0.0009107589721679688
0.0004489421844482422
0.0012946128845214844
0.0006682872772216797
0.000762939453125
0.0008206367492675781
0.0014739036560058594
0.0011742115020751953
0.0005621910095214844
0.0009250640869140625
0.0007052421569824219
0.0007445812225341797
0.0006670951843261719
0.0007255077362060547
0.000499725341796875
0.000812530517578125
0.0007259845733642578
0.0007762908935546875
0.0004677772521972656
0.0009822845458984375
0.0006346702575683594
0.0006656646728515625
0.0009050369262695312
0.0005960464477539062
0.0006792545318603516
0.0006330013275146484
0.0005328655242919922
0.00044655799865722656
0.0005297660827636719
0.0005567073822021484
0.0004432201385498047
0.0006515979766845703
0.00047206878662109375
0.0004780292510986328
0.0005183219909667969
0.0006082057952880859
0.0018849372863769531
0.0012030601501464844
0.0007488727569580078
0.0008120536804199219
0.0009233951568603516
0.0007703304290771484
0.0009677410125732422
0.0005764961242675781
0.0007197856903076172
0.0012006759643554688
0.0008752346038818359
0.0009932518005371094
0.0008473396301269531
0.0004029273986816406
0.0005767345428466797
0.000446319580078125
0.0004379749298095703
0.0005621910095214844
0.002933025360107422
0.002043008804321289
0.0009584426879882812
0.0010089874267578125
0.0009546279907226562
0.0008487701416015625
0.002190828323364258
0.0012707710266113281
0.0009884834289550781
0.0008800029754638672
0.0014307498931884766
0.0008842945098876953
0.0007226467132568359
0.0009632110595703125
0.001605987548828125
0.001230001449584961
0.0010194778442382812
0.000919342041015625
0.0013403892517089844
0.0007672309875488281
0.0008587837219238281
0.0005736351013183594
0.0007908344268798828
0.0006964206695556641
0.00041794776916503906
0.000461578369140625
0.0015299320220947266
0.0015587806701660156
0.0011916160583496094
0.0013730525970458984
0.0005605220794677734
0.0014903545379638672
0.0008740425109863281
0.0009224414825439453
0.0009450912475585938
0.0007994174957275391
0.0006103515625
0.001260519027709961
0.0005426406860351562
0.0008518695831298828
0.0007951259613037109
0.0009326934814453125
0.000583648681640625
0.0006968975067138672
0.0006704330444335938
0.00106048583984375
0.0006575584411621094
0.0006308555603027344
0.0004286766052246094
0.0006668567657470703
0.0009670257568359375
0.0005698204040527344
0.0010442733764648438
0.0011637210845947266
0.002206087112426758
0.0008935928344726562
0.0009658336639404297
0.0008037090301513672
0.0005059242248535156
0.000598907470703125
0.0007977485656738281
0.0006783008575439453
0.0008816719055175781
0.0008511543273925781
0.0009424686431884766
0.00199127197265625
0.0007607936859130859
0.001341104507446289
0.0008449554443359375
0.0008254051208496094
0.0005400180816650391
0.0007803440093994141
0.0009255409240722656
0.0011508464813232422
0.0005962848663330078
0.0005164146423339844
0.0016787052154541016
0.0006625652313232422
0.000675201416015625
0.0007865428924560547
0.0010225772857666016
0.0006866455078125
0.0008025169372558594
0.002449512481689453
0.0012860298156738281
0.0008115768432617188
0.0007114410400390625
0.0005414485931396484
0.0009295940399169922
0.0006551742553710938
0.0013778209686279297
0.0011355876922607422
0.0007088184356689453
0.0006730556488037109
0.0005986690521240234
0.0010821819305419922
0.0015211105346679688
0.0011563301086425781
0.0007722377777099609
0.0005483627319335938
0.001474142074584961
0.0007712841033935547
0.00046753883361816406
0.00054168701171875
0.0006103515625
0.0007734298706054688
0.00147247314453125
0.0005440711975097656
0.0009768009185791016
0.0008618831634521484
0.0006051063537597656
0.0008420944213867188
0.0004782676696777344
0.0006651878356933594
0.0011303424835205078
0.0008373260498046875
0.0008628368377685547
0.0011343955993652344
0.000507354736328125
0.0007371902465820312
0.0007719993591308594
0.0003008842468261719
0.0008599758148193359
0.0006248950958251953
0.0003795623779296875
0.00054168701171875
0.00032782554626464844
0.0007677078247070312
0.0009174346923828125
0.0006611347198486328
0.0008113384246826172
0.0008056163787841797
0.0006382465362548828
0.0006334781646728516
0.0008075237274169922
0.0006086826324462891
0.0011734962463378906
0.0010213851928710938
0.0012979507446289062
0.0013875961303710938
0.0006415843963623047
0.0006742477416992188
0.0006792545318603516
0.0009481906890869141
0.0010669231414794922
0.0004792213439941406
0.0007126331329345703
0.0006008148193359375
0.0005381107330322266
0.0008366107940673828
0.0007421970367431641
0.001020669937133789
0.0009386539459228516
0.0009615421295166016
0.00040650367736816406
0.0012004375457763672
0.0011823177337646484
0.0005435943603515625
0.0005402565002441406
0.0010716915130615234
0.0006241798400878906
0.0007498264312744141
0.0003972053527832031
0.0005238056182861328
0.0005171298980712891
0.0003771781921386719
0.0009169578552246094
0.0009524822235107422
0.0006127357482910156
0.0007786750793457031
0.000514984130859375
0.0005402565002441406
0.0008196830749511719
0.0006937980651855469
0.0008437633514404297
0.0005307197570800781
0.0007121562957763672
0.0008714199066162109
0.0008862018585205078
0.0005404949188232422
0.0005779266357421875
0.0003871917724609375
0.00032806396484375
0.00048279762268066406
0.00043320655822753906
0.0006673336029052734
0.0004870891571044922
0.0005946159362792969
0.0005331039428710938
0.0007586479187011719
0.0007152557373046875
0.0005390644073486328
0.001180410385131836
0.0009443759918212891
0.0007326602935791016
0.0006363391876220703
0.0008139610290527344
0.0007114410400390625
0.001207590103149414
0.00047087669372558594
0.0007181167602539062
0.00034356117248535156
22.12935209274292
21.087867259979248
20.091345071792603
19.093363523483276
18.09218192100525
17.091444492340088
16.09083318710327
15.090705394744873
14.091355800628662
13.086567640304565
0.0007991790771484375
0.0005946159362792969
0.0006337165832519531
0.0005939006805419922
0.0008919239044189453
0.0007414817810058594
0.0007722377777099609
0.0004570484161376953
0.0004506111145019531
0.0004634857177734375
0.0009829998016357422
0.0022182464599609375
0.0006229877471923828
0.0005733966827392578
0.0007681846618652344
0.0007817745208740234
0.0006463527679443359
0.0007402896881103516
0.0009963512420654297
0.0008339881896972656
0.0004949569702148438
0.0008852481842041016
0.0008337497711181641
0.0008130073547363281
0.0010581016540527344
0.0005056858062744141
0.0008447170257568359
0.000827789306640625
0.0009894371032714844
0.0010333061218261719
0.0008699893951416016
0.0007777214050292969
0.0006101131439208984
0.0007650852203369141
0.0005297660827636719
0.0005981922149658203
0.0007700920104980469
0.0014190673828125
0.0006625652313232422
0.0007181167602539062
0.0007681846618652344
0.0007741451263427734
0.0006668567657470703
0.0007367134094238281
0.0005359649658203125
0.0005731582641601562
0.0008912086486816406
0.0006537437438964844
0.0006103515625
0.0008051395416259766
0.0005402565002441406
0.0006215572357177734
0.0007488727569580078
0.0008034706115722656
0.0006117820739746094
0.0007512569427490234
0.00044846534729003906
0.0010962486267089844
0.0005195140838623047
0.0007069110870361328
0.0009355545043945312
0.0005860328674316406
0.0007421970367431641
0.0005869865417480469
0.0008106231689453125
0.0006992816925048828
0.0007486343383789062
0.0008151531219482422
0.0007472038269042969
0.0007197856903076172
0.0005021095275878906
0.0007004737854003906
0.0006034374237060547
0.0006535053253173828
0.0007395744323730469
0.0008397102355957031
0.0009729862213134766
0.0007524490356445312
0.0005061626434326172
0.0005021095275878906
0.0006053447723388672
0.0003943443298339844
0.00127410888671875
0.0010018348693847656
0.0006020069122314453
0.00098419189453125
0.0012133121490478516
0.0009295940399169922
0.0009846687316894531
0.0004978179931640625
0.0010395050048828125
0.001058816909790039
0.0007228851318359375
0.0011107921600341797
0.00044035911560058594
0.0009531974792480469
0.0006010532379150391
0.0009112358093261719
0.0006854534149169922
0.0010013580322265625
0.0014417171478271484
0.0012700557708740234
0.001241922378540039
0.0007688999176025391
0.0014185905456542969
0.00057220458984375
537.4887318611145
536.4958503246307
535.4941580295563
534.4924488067627
533.4915523529053
532.4905986785889
531.4886975288391
530.4888997077942
529.4869818687439
528.4855415821075
527.484531879425
526.473343372345
525.4746415615082
524.4740877151489
523.4719927310944
522.4626352787018
521.4605550765991
520.4550664424896
519.3987588882446
518.3962984085083
517.3945355415344
516.3930490016937
515.3016293048859
514.3014104366302
0.0006439685821533203
0.0006921291351318359
0.0009658336639404297
0.000537872314453125
0.0010638236999511719
0.00045371055603027344
0.0005326271057128906
0.00044274330139160156
0.0007102489471435547
0.0007510185241699219
0.0008695125579833984
0.008769512176513672
0.0005030632019042969
0.0004591941833496094
0.0004467964172363281
0.00046634674072265625
0.0008912086486816406
0.0007460117340087891
0.0008845329284667969
0.00043082237243652344
0.0007963180541992188
0.0004773139953613281
0.0005619525909423828
0.0007045269012451172
0.00044155120849609375
0.00047135353088378906
0.0004773139953613281
0.0017879009246826172
0.00033354759216308594
0.0005052089691162109
0.0005245208740234375
0.0015027523040771484
0.0012123584747314453
0.001222848892211914
0.0013043880462646484
0.0007436275482177734
0.0012493133544921875
0.0013713836669921875
0.0008444786071777344
0.0010013580322265625
0.0012059211730957031
0.0007014274597167969
0.0010156631469726562
0.0009660720825195312
0.001537322998046875
0.0009663105010986328
0.0010101795196533203
0.0008053779602050781
0.0009434223175048828
0.0013720989227294922
0.0010714530944824219
0.0015795230865478516
0.0007572174072265625
0.0007741451263427734
0.0010712146759033203
0.002461671829223633
0.000728607177734375
0.0011849403381347656
0.001176595687866211
0.0012407302856445312
0.0005257129669189453
0.00045418739318847656
0.0009555816650390625
0.0007555484771728516
0.0006282329559326172
0.0010039806365966797
0.0007441043853759766
0.0009696483612060547
0.0006632804870605469
0.0007588863372802734
0.0009164810180664062
0.00043773651123046875
0.0004451274871826172
0.0007708072662353516
0.0011048316955566406
0.0007500648498535156
0.0007796287536621094
0.0007994174957275391
0.0006632804870605469
0.0006668567657470703
0.0006012916564941406
0.0009200572967529297
0.0012803077697753906
0.0011899471282958984
0.0005254745483398438
0.0008594989776611328
0.000980377197265625
0.0013604164123535156
0.0008609294891357422
0.0006225109100341797
0.0008094310760498047
0.0004229545593261719
0.0015876293182373047
0.000965118408203125
0.0008065700531005859
0.0004963874816894531
0.0005381107330322266
0.0006029605865478516
0.0007083415985107422
0.0006587505340576172
0.0005223751068115234
0.0008115768432617188
0.0003514289855957031
0.0008990764617919922
0.008299589157104492
0.0006241798400878906
0.0006971359252929688
0.00063323974609375
0.0009212493896484375
0.0004799365997314453
0.0005254745483398438
0.0011417865753173828
0.0008096694946289062
0.0008552074432373047
0.0011794567108154297
0.0006084442138671875
0.0006921291351318359
0.0010499954223632812
0.0011315345764160156
0.0009760856628417969
0.0009474754333496094
0.0005602836608886719
0.0005517005920410156
0.0004756450653076172
0.0005023479461669922
0.0004639625549316406
0.000545501708984375
0.0004246234893798828
0.0004763603210449219
0.0007195472717285156
0.001210927963256836
0.0006935596466064453
0.0007381439208984375
0.0006945133209228516
0.0008227825164794922
0.0006313323974609375
0.0015377998352050781
0.0009398460388183594
0.0010211467742919922
0.0006785392761230469
0.0006256103515625
81.68244886398315
80.68534111976624
79.68626546859741
78.68569421768188
77.68454432487488
76.68222880363464
75.67956066131592
74.65913772583008
73.65225601196289
72.65220475196838
71.65100622177124
70.65043640136719
69.64955520629883
68.64813661575317
67.64771103858948
66.64556813240051
65.64515209197998
64.64379644393921
63.6428701877594
62.64197373390198
61.6426944732666
60.643104791641235
59.64362382888794
58.641348123550415
57.62503981590271
56.623408794403076
55.62267351150513
54.621888637542725
53.62070846557617
52.605403661727905
51.60243344306946
50.60128927230835
49.59935903549194
48.598843574523926
47.59696865081787
46.59489417076111
45.595008850097656
44.591896772384644
43.59093976020813
42.588555097579956
41.58787989616394
40.58671045303345
39.58596467971802
38.58499598503113
37.57432007789612
36.57519316673279
35.57349681854248
34.575358390808105
33.573280334472656
32.57250618934631
31.571704149246216
30.571407318115234
29.57064986228943
28.566753149032593
27.564767122268677
26.561139345169067
25.560599088668823
24.560572385787964
23.561397790908813
22.562076568603516
21.560385942459106
20.55966305732727
19.558086395263672
18.54229998588562
17.537449598312378
16.536052465438843
15.535707712173462
14.534637689590454
13.533779859542847
12.515010833740234
11.51427960395813
10.512320280075073
9.500641584396362
8.495802879333496
7.494233131408691
6.492570638656616
5.492254734039307
4.492574453353882
3.4931039810180664
2.4951486587524414
1.4948158264160156
0.49136805534362793
0.0006499290466308594
0.0012331008911132812
0.0008146762847900391
0.0004391670227050781
0.0006685256958007812
0.0005297660827636719
0.0006780624389648438
0.0005574226379394531
0.0006368160247802734
0.0006725788116455078
0.0005009174346923828
0.0005476474761962891
0.0007545948028564453
0.00040793418884277344
0.0004646778106689453
0.0006849765777587891
0.0005970001220703125
0.0005466938018798828
0.0010030269622802734
0.0008878707885742188
0.00043463706970214844
0.0004773139953613281
0.0007662773132324219
0.00054168701171875
0.0013756752014160156
0.0007348060607910156
0.0011234283447265625
0.0009062290191650391
0.0006837844848632812
0.0012941360473632812
0.0005788803100585938
0.0005707740783691406
0.0007410049438476562
0.0006365776062011719
0.0006570816040039062
0.0010981559753417969
0.0006771087646484375
0.0006737709045410156
0.0004901885986328125
0.0005469322204589844
0.00047898292541503906
0.0005311965942382812
0.0005369186401367188
0.0004687309265136719
0.0005922317504882812
0.0007829666137695312
0.0006103515625
0.0006687641143798828
0.0007691383361816406
0.0005595684051513672
0.0005891323089599609
0.0004892349243164062
0.0008862018585205078
0.0005097389221191406
0.0007762908935546875
0.0008184909820556641
0.0006117820739746094
0.0005865097045898438
0.0010025501251220703
76.84405183792114
75.8467230796814
74.8123426437378
73.81422758102417
72.81419444084167
71.81583213806152
70.81868171691895
69.81906175613403
68.82372379302979
67.81650352478027
66.82248330116272
65.82382869720459
64.82384943962097
63.8231143951416
62.82411527633667
61.825051069259644
60.79964208602905
59.72190260887146
58.72084021568298
57.71808958053589
56.71695303916931
55.71619439125061
54.71496891975403
53.714269161224365
52.71175408363342
51.710689067840576
50.71039438247681
49.70946717262268
48.7093300819397
47.705137729644775
46.68779802322388
45.67711901664734
44.62871241569519
43.62687420845032
42.625921964645386
41.62539505958557
40.625433921813965
39.6249897480011
38.60676956176758
37.60681414604187
36.60659456253052
35.605915546417236
34.60635304450989
33.5970504283905
32.59599208831787
31.595792055130005
30.58146905899048
29.580408573150635
28.580157041549683
27.579337120056152
26.579488515853882
25.577884912490845
24.57681179046631
23.575674295425415
22.573781728744507
21.5563223361969
20.545891523361206
19.546581983566284
18.546380758285522
17.542559385299683
16.542556285858154
15.542409658432007
14.541658401489258
13.542186260223389
12.541705846786499
11.541566610336304
10.540030717849731
9.539578437805176
8.538922309875488
7.537153482437134
6.536304950714111
5.535991191864014
4.536231994628906
3.5358071327209473
2.535169839859009
1.5318796634674072
0.5308051109313965
0.0008544921875
0.0007064342498779297
0.0007004737854003906
0.0007402896881103516
0.0006771087646484375
0.0005326271057128906
0.0005693435668945312
0.0005955696105957031
0.001079559326171875
0.0007314682006835938
0.0008187294006347656
0.0007355213165283203
0.0010180473327636719
0.0008063316345214844
0.0007650852203369141
0.0007779598236083984
0.0006525516510009766
0.0007658004760742188
0.0006227493286132812
0.0005142688751220703
0.0007784366607666016
0.0006346702575683594
0.0006611347198486328
0.0005331039428710938
0.0004982948303222656
0.0005471706390380859
0.0006017684936523438
0.0004382133483886719
0.0006451606750488281
0.0007774829864501953
0.0006597042083740234
0.0005350112915039062
0.0006740093231201172
0.0007786750793457031
0.000461578369140625
0.00035762786865234375
0.00040984153747558594
0.0005638599395751953
0.00047898292541503906
0.0003833770751953125
0.0005342960357666016
0.0004975795745849609
0.0004551410675048828
0.0009031295776367188
0.00047469139099121094
0.0012273788452148438
0.0004458427429199219
0.0015571117401123047
0.0010869503021240234
0.0009937286376953125
0.0009982585906982422
0.0013363361358642578
0.0006501674652099609
0.0005247592926025391
0.0014307498931884766
0.0008962154388427734
0.0031175613403320312
0.0007178783416748047
0.0005400180816650391
0.0007309913635253906
0.0007257461547851562
0.0005619525909423828
0.0007452964782714844
0.00041604042053222656
0.0006990432739257812
0.0007052421569824219
0.0005717277526855469
0.0009071826934814453
0.0005877017974853516
0.0006358623504638672
0.0005893707275390625
0.0011887550354003906
0.0005583763122558594
0.0004191398620605469
0.0009200572967529297
0.0006895065307617188
0.0006148815155029297
0.0004999637603759766
0.00036835670471191406
0.0007002353668212891
0.0010230541229248047
0.0005190372467041016
0.0003364086151123047
0.0006175041198730469
0.0009429454803466797
0.0008194446563720703
0.0004172325134277344
0.000354766845703125
0.001070261001586914
0.0010304450988769531
0.0007760524749755859
0.0009543895721435547
0.0005965232849121094
0.0006253719329833984
0.0006349086761474609
0.0006036758422851562
0.0006587505340576172
0.0006222724914550781
0.0005853176116943359
0.0005733966827392578
0.000514984130859375
0.0007352828979492188
0.0016107559204101562
0.0007805824279785156
0.0004069805145263672
0.0005786418914794922
0.0011374950408935547
0.0005342960357666016
0.0009131431579589844
0.0007977485656738281
0.0009472370147705078
0.0006983280181884766
0.0005211830139160156
0.0006892681121826172
0.0010857582092285156
0.0006458759307861328
0.0005214214324951172
0.0004863739013671875
0.0007214546203613281
0.0005795955657958984
0.0006537437438964844
0.0006775856018066406
0.0007338523864746094
0.0007164478302001953
0.001383066177368164
0.000885009765625
0.0007200241088867188
0.0008065700531005859
0.0006084442138671875
0.0007734298706054688
0.0008282661437988281
0.0007688999176025391
0.0007147789001464844
0.0006685256958007812
0.0008027553558349609
0.0011374950408935547
0.000469207763671875
0.0010831356048583984
0.0003871917724609375
0.0007762908935546875
0.0006465911865234375
0.0006349086761474609
0.0006387233734130859
0.0006313323974609375
0.0008687973022460938
0.0006012916564941406
8.089852809906006
7.089413404464722
6.090194463729858
5.072385311126709
4.0669920444488525
3.066009521484375
2.065492868423462
1.0654304027557373
0.06604671478271484
