1.7506396770477295
4.866870164871216
7.977320671081543
2.976806402206421
6.084062576293945
9.204160690307617
12.317613124847412
7.31012225151062
10.424925088882446
13.535813331604004
16.647329568862915
19.760788202285767
14.76068377494812
17.870606660842896
20.986743688583374
24.09974503517151
27.211363792419434
22.209108591079712
25.321845769882202
28.434038877487183
31.54522442817688
34.651652812957764
29.647997617721558
32.75972008705139
35.8705530166626
39.02380609512329
42.138648986816406
37.13939046859741
40.248542070388794
43.36521077156067
46.484325885772705
49.594531774520874
44.58408761024475
47.69103503227234
50.803114891052246
53.91618204116821
57.0262610912323
52.018211126327515
55.12836503982544
58.23923659324646
61.35327363014221
64.46785855293274
59.46820783615112
62.57666373252869
65.68544006347656
68.79772472381592
71.90862703323364
66.89281511306763
70.00447678565979
73.11295056343079
76.22882390022278
79.33739876747131
74.3349232673645
77.44533085823059
80.55621099472046
83.67305636405945
86.78742527961731
81.78781270980835
84.89797115325928
88.00713539123535
91.11802363395691
94.2274923324585
89.23592281341553
92.34401845932007
95.45380091667175
98.57093834877014
101.69264721870422
96.68382906913757
99.7918860912323
102.89979100227356
106.01708555221558
109.12862753868103
104.12061882019043
107.23141741752625
110.34878611564636
113.46433234214783
116.5755386352539
111.57503771781921
114.6840147972107
117.79647827148438
120.91709232330322
124.02836561203003
119.02255940437317
122.13623070716858
125.24559211730957
128.3574333190918
131.46991777420044
126.47034430503845
129.58043146133423
132.688472032547
135.80766892433167
138.91941595077515
133.91256093978882
137.02590155601501
140.1374170780182
143.26039671897888
146.37366843223572
141.36910676956177
144.48417162895203
147.5930564403534
150.70504307746887
153.81290459632874
148.8115873336792
151.9221773147583
155.0332477092743
158.1472249031067
161.25590443611145
156.25245475769043
159.36392641067505
162.4788601398468
165.5899727344513
168.69758343696594
163.69588804244995
166.80690240859985
169.91821217536926
173.04053258895874
176.15852737426758
171.1610677242279
174.27780103683472
177.39107489585876
180.50190544128418
183.61251950263977
178.60340309143066
181.71753025054932
184.83539414405823
187.94988560676575
191.05917620658875
186.0501675605774
189.16085243225098
192.27131962776184
195.38458037376404
198.49567008018494
193.48873567581177
0.001920461654663086
3.116562604904175
0.002251148223876953
3.1220083236694336
6.239255428314209
1.2343051433563232
4.3539721965789795
7.470493793487549
10.58579969406128
5.5830161571502686
8.69325876235962
11.81035566329956
14.921827554702759
18.033872842788696
13.028233766555786
16.147098302841187
19.261053323745728
22.374751091003418
25.485517263412476
20.48609972000122
23.607288599014282
26.726789236068726
29.838683605194092
32.95386099815369
27.951040744781494
31.067426681518555
34.179373264312744
37.30017399787903
40.41165733337402
35.41051006317139
38.52368712425232
41.63734698295593
44.74899196624756
0.004031181335449219
3.1214749813079834
0.0019729137420654297
3.1260225772857666
6.239190101623535
1.2393667697906494
4.355342626571655
7.469208717346191
10.583853483200073
5.584850311279297
8.704854488372803
11.821882247924805
14.932683944702148
18.041149377822876
13.037295818328857
16.156700372695923
19.27636957168579
22.394312143325806
25.508643627166748
20.504061460494995
23.615379810333252
26.730417728424072
29.84113621711731
32.96386122703552
27.961062908172607
31.084537029266357
34.20214629173279
37.321269273757935
40.433143854141235
35.4322395324707
38.54448056221008
41.65584206581116
44.76971793174744
0.0029485225677490234
3.1258325576782227
6.2402074337005615
9.352566480636597
12.46518850326538
7.464131832122803
10.578924417495728
13.690434217453003
16.80020523071289
19.916741371154785
14.916463136672974
18.030858993530273
21.146357774734497
24.266149044036865
27.3850040435791
22.385885000228882
25.503657341003418
28.615513563156128
31.74764895439148
34.86850142478943
29.890580892562866
33.00486636161804
36.121729612350464
39.23439431190491
42.35291647911072
37.350138425827026
40.47208619117737
43.5837459564209
46.696349143981934
49.808133602142334
44.80122399330139
47.91494846343994
51.025665044784546
54.13569164276123
57.25830316543579
52.258328676223755
55.36932373046875
58.50404500961304
61.62443017959595
64.74451780319214
59.74409794807434
