0.0004570484161376953
0.0003142356872558594
0.0004925727844238281
0.0005574226379394531
0.0007002353668212891
0.0005199909210205078
0.00043463706970214844
0.0004017353057861328
0.0005362033843994141
0.0007529258728027344
0.0005300045013427734
0.0004334449768066406
0.0008053779602050781
0.00040531158447265625
0.0005011558532714844
0.0003733634948730469
0.0005419254302978516
0.0004363059997558594
0.0007836818695068359
0.0004410743713378906
0.000614166259765625
0.0012173652648925781
0.0005943775177001953
0.0005791187286376953
0.0004169940948486328
0.00041747093200683594
0.00043010711669921875
0.0005869865417480469
0.0005879402160644531
0.00046324729919433594
0.0006804466247558594
0.0005908012390136719
0.0006861686706542969
0.0010612010955810547
0.001117706298828125
0.0011167526245117188
0.00112152099609375
0.0007216930389404297
0.0006811618804931641
0.0010552406311035156
0.0008540153503417969
0.0008375644683837891
0.0006051063537597656
0.0009508132934570312
0.0010471343994140625
0.0012400150299072266
0.0008130073547363281
