0.0009238719940185547
0.0009090900421142578
0.0007913112640380859
0.0006673336029052734
0.0007457733154296875
0.0010576248168945312
0.0010840892791748047
0.000652313232421875
0.0008528232574462891
0.0009877681732177734
0.001001119613647461
0.0005738735198974609
0.0009982585906982422
0.0008692741394042969
0.0006783008575439453
0.0016999244689941406
0.0008897781372070312
0.0009844303131103516
0.0007870197296142578
0.0009636878967285156
0.0007493495941162109
0.0005137920379638672
0.0007390975952148438
0.0005304813385009766
0.0006139278411865234
0.0007216930389404297
0.0007102489471435547
0.0008077621459960938
0.0011508464813232422
0.0011031627655029297
0.0012004375457763672
0.0007419586181640625
0.0009670257568359375
0.0004687309265136719
0.0007984638214111328
0.0007545948028564453
0.0005393028259277344
0.000637054443359375
0.0010712146759033203
0.0010259151458740234
0.0003249645233154297
0.0008802413940429688
0.0010454654693603516
0.0010950565338134766
0.0008680820465087891
0.0011138916015625
0.0007755756378173828
0.0003159046173095703
0.0009677410125732422
0.0008780956268310547
0.0008056163787841797
0.0009672641754150391
0.0007958412170410156
0.0005624294281005859
0.0006830692291259766
0.0006563663482666016
0.0008971691131591797
0.0008206367492675781
0.0009183883666992188
0.0012621879577636719
0.0011141300201416016
0.0006868839263916016
0.0006804466247558594
0.0007081031799316406
0.0007867813110351562
0.0017747879028320312
0.0009031295776367188
0.0015411376953125
0.0010137557983398438
0.0007255077362060547
0.0006172657012939453
0.0009789466857910156
0.0008866786956787109
0.0008022785186767578
0.0006642341613769531
0.0013387203216552734
0.0017075538635253906
0.0012314319610595703
0.0006613731384277344
0.0009407997131347656
0.0007793903350830078
0.0007750988006591797
0.0012273788452148438
0.000911712646484375
0.0009517669677734375
0.001316070556640625
0.0007510185241699219
0.0007932186126708984
0.0006017684936523438
0.0004482269287109375
0.0005571842193603516
0.0006849765777587891
0.0007901191711425781
0.0003199577331542969
0.0006508827209472656
0.0003898143768310547
0.0006411075592041016
0.00087738037109375
0.0007777214050292969
0.0007963180541992188
0.0008070468902587891
0.0006518363952636719
0.0004878044128417969
0.0009429454803466797
0.001070261001586914
0.0013511180877685547
0.0008382797241210938
0.0017409324645996094
0.0008194446563720703
0.0004487037658691406
0.0008463859558105469
0.0004892349243164062
42.367653131484985
41.367998123168945
40.36844253540039
39.368813037872314
38.370118856430054
37.37007284164429
36.37039542198181
35.37226676940918
34.37211084365845
33.371028900146484
32.370898962020874
31.370248317718506
30.36950397491455
29.369571924209595
28.36809468269348
27.365853786468506
26.365015029907227
25.363266944885254
24.362316846847534
23.36018466949463
22.35764479637146
21.35610795021057
20.3525390625
19.351224660873413
18.350955486297607
17.3496253490448
16.348809480667114
15.346978902816772
14.345719814300537
13.345229387283325
12.343924522399902
11.342840433120728
10.341550588607788
9.340516567230225
8.339221477508545
7.3365561962127686
6.33527946472168
5.332967758178711
4.331965923309326
3.3312339782714844
2.3297226428985596
1.3285040855407715
0.32767653465270996
0.0004315376281738281
0.0004591941833496094
0.0004482269287109375
0.00045490264892578125
0.00075531005859375
0.0010364055633544922
0.0008215904235839844
0.0007884502410888672
0.0005238056182861328
0.00048279762268066406
0.0006973743438720703
0.0006928443908691406
0.0010793209075927734
0.0005195140838623047
0.0006804466247558594
0.0007600784301757812
0.0007598400115966797
0.0007166862487792969
0.0010538101196289062
0.0008335113525390625
0.0010640621185302734
0.0010590553283691406
0.0009555816650390625
0.0006499290466308594
0.00063323974609375
0.000797271728515625
0.0006186962127685547
0.0006968975067138672
0.0008063316345214844
0.0008261203765869141
0.0005962848663330078
0.0006475448608398438
0.0008826255798339844
0.0005557537078857422
0.0005445480346679688
0.0005562305450439453
0.0007715225219726562
0.0007450580596923828
0.0010266304016113281
0.0007970333099365234
0.0008196830749511719
0.0008449554443359375
0.0010528564453125
0.0007729530334472656
0.0008347034454345703
0.0010306835174560547
0.0010786056518554688
0.0005676746368408203
0.0005543231964111328
0.0005288124084472656
0.00043320655822753906
0.0009410381317138672
0.0008957386016845703
0.0009288787841796875
0.0007488727569580078
0.0009183883666992188
0.0006976127624511719
0.0009050369262695312
0.0008013248443603516
0.0007710456848144531
0.0007884502410888672
0.0007233619689941406
0.0008003711700439453
0.0005524158477783203
0.0008203983306884766
0.0011212825775146484
0.0009970664978027344
0.0006198883056640625
0.0010228157043457031
0.0007150173187255859
0.0007412433624267578
0.0005254745483398438
0.000568389892578125
0.0006840229034423828
0.0005574226379394531
0.0005483627319335938
0.0008761882781982422
0.00039076805114746094
0.0003256797790527344
0.001024007797241211
0.0007486343383789062
0.0010132789611816406
0.0009167194366455078
0.0010039806365966797
0.0005426406860351562
0.0006132125854492188
0.0008606910705566406
0.0012204647064208984
0.002028226852416992
0.0009405612945556641
0.00036597251892089844
0.0005092620849609375
0.0006840229034423828
0.0005021095275878906
0.0011146068572998047
0.0007817745208740234
0.0006821155548095703
0.0006554126739501953
0.0008952617645263672
0.0005652904510498047
0.0008182525634765625
0.00042366981506347656
0.0005412101745605469
0.0006020069122314453
0.0010161399841308594
0.0010921955108642578
0.0008311271667480469
0.001371622085571289
0.0008330345153808594
0.0008318424224853516
0.0006611347198486328
0.00046133995056152344
0.0009253025054931641
0.0007636547088623047
0.0005807876586914062
0.00046253204345703125
0.0005192756652832031
0.0005311965942382812
0.00033593177795410156
0.0004703998565673828
0.0009577274322509766
0.0008006095886230469
0.0007741451263427734
0.0007388591766357422
0.000957489013671875
0.0008027553558349609
0.0007104873657226562
0.0012362003326416016
0.0009593963623046875
0.0009336471557617188
0.00039386749267578125
0.0008080005645751953
0.0007684230804443359
0.0007472038269042969
0.0004150867462158203
0.0007736682891845703
0.000850677490234375
0.0009133815765380859
0.0005571842193603516
0.0005598068237304688
0.0005488395690917969
0.0009963512420654297
0.0007073879241943359
0.0007331371307373047
0.0009613037109375
0.0011279582977294922
0.0009436607360839844
0.0007760524749755859
0.0012104511260986328
0.0006852149963378906
0.0005366802215576172
0.0017955303192138672
0.0010030269622802734
0.0009503364562988281
0.0008878707885742188
0.0007634162902832031
0.0010771751403808594
0.0007519721984863281
0.0005948543548583984
0.0008652210235595703
0.0008075237274169922
0.0009126663208007812
0.0009143352508544922
0.0010418891906738281
0.0011594295501708984
0.0013668537139892578
0.0007953643798828125
0.0006623268127441406
0.0007932186126708984
0.0006802082061767578
0.0004620552062988281
0.00060272216796875
0.0006957054138183594
0.0004088878631591797
0.0005495548248291016
0.00046062469482421875
0.00044989585876464844
0.0003783702850341797
0.00040721893310546875
0.0005843639373779297
0.0005643367767333984
0.0004990100860595703
0.0008461475372314453
0.0006792545318603516
0.0008041858673095703
0.0004901885986328125
0.0006835460662841797
0.0006148815155029297
0.0006844997406005859
0.0011436939239501953
0.0004227161407470703
0.000885009765625
0.0008668899536132812
0.0009360313415527344
0.0012636184692382812
0.0011420249938964844
0.0012264251708984375
0.0010228157043457031
0.0008378028869628906
0.0006718635559082031
0.0009801387786865234
0.0018925666809082031
0.0008111000061035156
0.0007393360137939453
0.0006439685821533203
0.0007104873657226562
0.0009944438934326172
0.0012865066528320312
0.0008857250213623047
0.002393484115600586
0.0006251335144042969
0.0015931129455566406
0.0005023479461669922
0.0014202594757080078
0.0014960765838623047
0.0006456375122070312
0.0012845993041992188
0.0015263557434082031
0.001093149185180664
0.0011749267578125
