0.0008304119110107422
0.0017371177673339844
0.00057220458984375
0.0006213188171386719
0.0006723403930664062
0.0010194778442382812
0.0007917881011962891
0.00075531005859375
0.0005910396575927734
0.0009095668792724609
0.0006577968597412109
0.0008323192596435547
0.0011942386627197266
0.0006070137023925781
0.0006911754608154297
0.0018978118896484375
0.0008747577667236328
0.0005168914794921875
0.0008015632629394531
0.0005929470062255859
0.0005991458892822266
0.0007739067077636719
0.0008540153503417969
0.0010225772857666016
0.0004355907440185547
0.0005772113800048828
0.0007627010345458984
0.0010790824890136719
0.0005929470062255859
0.0007643699645996094
0.000865936279296875
0.0007715225219726562
0.0006051063537597656
0.0007612705230712891
0.0008695125579833984
0.0006780624389648438
0.0005044937133789062
0.0006868839263916016
0.0005486011505126953
0.0010263919830322266
0.0007789134979248047
0.0005555152893066406
0.00084686279296875
0.0008130073547363281
0.0008401870727539062
0.0006196498870849609
0.0006427764892578125
0.0007650852203369141
0.0004839897155761719
0.0008103847503662109
0.0019800662994384766
0.0009312629699707031
0.0005810260772705078
0.0008101463317871094
0.0011317729949951172
0.001110076904296875
0.0011527538299560547
0.0005044937133789062
0.0010623931884765625
0.0005304813385009766
0.0009281635284423828
0.0005290508270263672
0.0007169246673583984
0.0013568401336669922
0.0005457401275634766
0.0009465217590332031
0.0006399154663085938
0.0006175041198730469
0.0007834434509277344
0.0013849735260009766
0.0006508827209472656
0.0007100105285644531
0.0006480216979980469
0.0006625652313232422
0.0009686946868896484
0.0006310939788818359
0.0006914138793945312
0.0013055801391601562
0.001627206802368164
0.0011363029479980469
0.0007557868957519531
0.0008165836334228516
0.0007054805755615234
0.0009059906005859375
0.000978231430053711
0.0006859302520751953
0.0008294582366943359
0.00042319297790527344
0.0007333755493164062
0.0004534721374511719
0.0012738704681396484
0.0011212825775146484
0.0012364387512207031
0.0008733272552490234
0.0010190010070800781
0.0006654262542724609
0.0010323524475097656
0.0007565021514892578
0.0013096332550048828
0.00044417381286621094
0.0007476806640625
0.0013077259063720703
0.001119852066040039
0.0004372596740722656
0.0011103153228759766
0.0008471012115478516
0.0004315376281738281
0.0007276535034179688
0.0004875659942626953
0.0006260871887207031
0.0005080699920654297
0.001020193099975586
0.0006313323974609375
0.0010905265808105469
0.0007114410400390625
0.0005860328674316406
0.001361846923828125
0.0009164810180664062
0.0010590553283691406
0.0004515647888183594
0.0003058910369873047
0.0006871223449707031
0.0011014938354492188
0.0013549327850341797
0.0009055137634277344
0.0007936954498291016
0.0009560585021972656
0.0006353855133056641
0.0009021759033203125
0.001417398452758789
0.001146554946899414
0.00032329559326171875
0.0005104541778564453
0.0006313323974609375
0.0006432533264160156
0.0008938312530517578
0.00102996826171875
0.0011415481567382812
0.0023767948150634766
0.0010991096496582031
0.000972747802734375
0.0008499622344970703
0.0009500980377197266
42.36750292778015
41.369706869125366
40.370156049728394
39.369901180267334
38.37212896347046
37.372004985809326
36.373722076416016
35.37520742416382
34.37580108642578
33.37593746185303
32.37472724914551
31.372411489486694
30.37182331085205
29.370646715164185
28.370051622390747
27.368113040924072
26.368165493011475
25.3677875995636
24.36635422706604
23.363746881484985
22.361957550048828
21.36100435256958
20.35928702354431
19.35921001434326
18.358753442764282
17.35720944404602
16.35602831840515
15.354915142059326
14.353688955307007
13.354083776473999
12.3530592918396
11.351792097091675
10.350888729095459
9.350833892822266
8.349626302719116
7.348244905471802
6.346836805343628
5.3469157218933105
4.345699310302734
3.3447229862213135
2.3450839519500732
1.3437347412109375
0.34242725372314453
0.0004553794860839844
0.0005402565002441406
0.0009331703186035156
0.0007619857788085938
0.0009088516235351562
0.0008599758148193359
0.0005023479461669922
0.0008721351623535156
0.0006041526794433594
0.0007061958312988281
0.00043272972106933594
0.0005953311920166016
0.0012388229370117188
0.000804901123046875
0.0006327629089355469
0.0006568431854248047
0.0007882118225097656
0.00047588348388671875
0.0007605552673339844
0.0006241798400878906
0.0007708072662353516
0.0003960132598876953
0.0005481243133544922
0.0009810924530029297
0.0006704330444335938
0.0011112689971923828
0.0009107589721679688
0.0008246898651123047
0.0008044242858886719
0.0008244514465332031
0.0007257461547851562
0.0007658004760742188
0.0007932186126708984
0.0010762214660644531
0.0009036064147949219
0.0010800361633300781
0.0007722377777099609
0.0004863739013671875
0.0004851818084716797
0.0005161762237548828
0.0005369186401367188
0.0009982585906982422
0.0006091594696044922
0.0009481906890869141
0.0005478858947753906
0.0015766620635986328
0.0004279613494873047
0.0007190704345703125
0.0008451938629150391
0.0007646083831787109
0.0009436607360839844
0.0007121562957763672
0.0009763240814208984
0.0008127689361572266
0.0009696483612060547
0.0009775161743164062
0.0009243488311767578
0.0006930828094482422
0.0006654262542724609
0.0007741451263427734
0.0007467269897460938
0.0008244514465332031
0.0006842613220214844
0.0004730224609375
0.0009806156158447266
0.0005979537963867188
0.0012421607971191406
0.00040268898010253906
0.0006589889526367188
0.0005483627319335938
0.0008065700531005859
0.0005922317504882812
0.0007839202880859375
0.0008275508880615234
0.0007963180541992188
0.0007302761077880859
0.0010602474212646484
0.0015840530395507812
0.001073598861694336
0.0009691715240478516
0.0006716251373291016
0.0006990432739257812
0.0006916522979736328
0.001071929931640625
0.0013287067413330078
0.0006120204925537109
0.0005698204040527344
0.0011174678802490234
0.001279592514038086
0.0015790462493896484
0.0009474754333496094
0.0009260177612304688
0.0009436607360839844
0.001033782958984375
0.0007712841033935547
0.0008945465087890625
0.00080108642578125
0.0008285045623779297
0.0008571147918701172
0.0008025169372558594
0.0006172657012939453
0.0011184215545654297
0.0012145042419433594
0.0005848407745361328
0.0007874965667724609
0.0006477832794189453
0.0005602836608886719
0.0004551410675048828
0.0004048347473144531
0.0005309581756591797
0.0004944801330566406
0.0007114410400390625
0.0006792545318603516
0.0005116462707519531
0.00067138671875
0.0008575916290283203
0.0006520748138427734
0.0006492137908935547
0.0006108283996582031
0.000457763671875
0.001276254653930664
0.0006949901580810547
0.0008511543273925781
0.0006999969482421875
0.0005860328674316406
0.000762939453125
0.0007038116455078125
0.0004317760467529297
0.0006601810455322266
0.0008108615875244141
0.0005564689636230469
0.0005328655242919922
0.0005662441253662109
0.0005164146423339844
0.0005099773406982422
0.0007262229919433594
0.0006008148193359375
0.00038242340087890625
0.0004296302795410156
0.000316619873046875
0.0005066394805908203
0.0004730224609375
0.0004570484161376953
0.00046944618225097656
0.0005931854248046875
0.0005261898040771484
0.0007090568542480469
0.0005702972412109375
0.0007646083831787109
0.0007646083831787109
0.0005769729614257812
0.0007624626159667969
0.0007662773132324219
0.0006256103515625
0.0006563663482666016
0.00072479248046875
0.0005340576171875
0.0005931854248046875
0.0005228519439697266
0.0006122589111328125
0.0005888938903808594
0.0006911754608154297
0.00043582916259765625
0.0004134178161621094
0.0005512237548828125
0.00045561790466308594
0.0006127357482910156
0.0006504058837890625
0.0008747577667236328
0.0007023811340332031
0.0007777214050292969
0.0007660388946533203
0.0006499290466308594
0.0007240772247314453
0.0007340908050537109
0.0006482601165771484
0.00045228004455566406
0.0007703304290771484
0.0006372928619384766
0.0009355545043945312
0.0009341239929199219
0.0007445812225341797
0.0007781982421875
0.0013794898986816406
0.00101470947265625
0.0009183883666992188
0.0013453960418701172
0.0008821487426757812
0.0006268024444580078
0.0007545948028564453
0.0007147789001464844
0.0007500648498535156
0.000675201416015625
0.0008847713470458984
0.0006883144378662109
0.000652313232421875
0.0005106925964355469
0.0010149478912353516
0.0013396739959716797
0.0009140968322753906
0.0007207393646240234
0.0005915164947509766
0.0006151199340820312
0.0005960464477539062
0.0008194446563720703
0.0006546974182128906
0.0006530284881591797
0.001783609390258789
0.0006823539733886719
0.0011899471282958984
0.0005898475646972656
0.0006775856018066406
0.0007650852203369141
0.0006241798400878906
0.0004930496215820312
0.001222848892211914
0.0024971961975097656
0.001264333724975586
0.0006427764892578125
0.001089334487915039
0.0009584426879882812
0.0016634464263916016
0.0013623237609863281
0.0008947849273681641
0.0005102157592773438
0.0010573863983154297
0.0010592937469482422
0.0008065700531005859
0.0009179115295410156
0.0006148815155029297
0.0007777214050292969
0.0008919239044189453
0.0007066726684570312
0.0004093647003173828
0.0006744861602783203
0.0010635852813720703
0.0008499622344970703
0.0006315708160400391
0.0005309581756591797
0.0007500648498535156
0.0005817413330078125
0.00044035911560058594
0.0008974075317382812
0.0009324550628662109
0.00046133995056152344
0.0008909702301025391
0.0004875659942626953
0.001129150390625
0.0009872913360595703
0.0008738040924072266
0.0008399486541748047
0.0012593269348144531
0.0006287097930908203
0.0008978843688964844
0.0009286403656005859
0.0007951259613037109
0.001068115234375
0.001451730728149414
0.0004947185516357422
0.0009181499481201172
0.0008437633514404297
0.0008909702301025391
0.0010957717895507812
0.0008823871612548828
0.0005185604095458984
0.00140380859375
0.0006585121154785156
0.0008015632629394531
0.0012574195861816406
0.0007691383361816406
0.0007026195526123047
0.001238107681274414
0.0010068416595458984
0.0009849071502685547
0.0016422271728515625
0.0006518363952636719
0.0006892681121826172
0.0006151199340820312
0.0007598400115966797
0.0005166530609130859
0.0005590915679931641
0.0008885860443115234
0.0007379055023193359
0.0006291866302490234
0.0005128383636474609
0.0015244483947753906
0.0005621910095214844
0.0004775524139404297
0.0008804798126220703
0.0009284019470214844
0.0004646778106689453
0.0004990100860595703
0.0019121170043945312
0.0010111331939697266
0.0010280609130859375
0.0007371902465820312
0.0005068778991699219
0.0005342960357666016
0.0004315376281738281
0.0012652873992919922
0.0006976127624511719
0.001325845718383789
0.0007157325744628906
0.0007123947143554688
0.0007791519165039062
0.0009160041809082031
0.001500844955444336
0.0008265972137451172
0.0006773471832275391
0.0007276535034179688
0.0004138946533203125
0.0006539821624755859
0.0006256103515625
0.0004489421844482422
0.0008420944213867188
0.0006928443908691406
0.0012271404266357422
0.00045871734619140625
0.0010898113250732422
0.0010924339294433594
0.0007414817810058594
0.0006403923034667969
0.0010895729064941406
0.0007262229919433594
0.0007100105285644531
0.000530242919921875
0.00128173828125
0.0007269382476806641
0.0006957054138183594
0.0007607936859130859
0.000385284423828125
0.0013227462768554688
0.0010304450988769531
0.0006330013275146484
0.0008983612060546875
0.00125885009765625
0.0020737648010253906
0.0011217594146728516
0.0015587806701660156
0.0006368160247802734
0.0007851123809814453
0.0006906986236572266
0.0018618106842041016
0.0018281936645507812
0.0009746551513671875
0.0008053779602050781
0.0009698867797851562
0.0006268024444580078
0.001428365707397461
0.0014650821685791016
0.001079559326171875
0.0009770393371582031
0.0011053085327148438
0.0017020702362060547
0.0004482269287109375
0.001056671142578125
0.0009322166442871094
0.0009431838989257812
0.0005819797515869141
0.0011708736419677734
0.0010128021240234375
0.0004394054412841797
0.00042557716369628906
0.0009052753448486328
0.0004324913024902344
0.0007061958312988281
0.0004246234893798828
0.0009763240814208984
0.0006525516510009766
0.0005733966827392578
0.0007419586181640625
0.0006964206695556641
0.0006389617919921875
0.0008718967437744141
0.0006451606750488281
0.0005323886871337891
0.0005161762237548828
0.0005795955657958984
0.0005815029144287109
0.0008831024169921875
0.0010535717010498047
0.0011260509490966797
0.0004329681396484375
0.00048542022705078125
0.0008552074432373047
0.0014624595642089844
0.00077056884765625
0.0008838176727294922
0.00047898292541503906
0.0009195804595947266
0.0005888938903808594
0.0008184909820556641
0.0006916522979736328
0.0008447170257568359
0.0008182525634765625
0.0009789466857910156
0.0005741119384765625
0.0011782646179199219
0.0009534358978271484
22.28580403327942
21.286884307861328
20.277233839035034
19.276554346084595
18.27686834335327
17.276901960372925
16.27618718147278
15.275572776794434
14.274972200393677
13.273873090744019
0.0006008148193359375
0.0008461475372314453
0.0005357265472412109
0.0007963180541992188
0.0007107257843017578
0.0014889240264892578
0.0007376670837402344
0.0004258155822753906
0.0007638931274414062
0.0005357265472412109
0.0004360675811767578
0.0007605552673339844
0.0009489059448242188
0.00048279762268066406
0.0010349750518798828
0.0007293224334716797
0.0004742145538330078
0.0007739067077636719
0.0006926059722900391
0.0004355907440185547
0.0007092952728271484
0.0007977485656738281
0.0007536411285400391
0.0006630420684814453
0.0003364086151123047
0.00098419189453125
0.0010209083557128906
0.0007207393646240234
0.0008699893951416016
0.00067138671875
0.0003840923309326172
0.0011637210845947266
0.0006000995635986328
0.0004887580871582031
0.0005888938903808594
0.0009233951568603516
0.0008018016815185547
0.0009772777557373047
0.0013895034790039062
0.0008261203765869141
0.0010371208190917969
0.0006816387176513672
0.0011489391326904297
0.001508951187133789
0.0007436275482177734
0.0007419586181640625
0.0007398128509521484
0.0011875629425048828
0.0008616447448730469
0.0011098384857177734
0.0009136199951171875
0.0008742809295654297
0.0010027885437011719
0.0008881092071533203
0.0010256767272949219
0.0006167888641357422
0.0009348392486572266
0.0007936954498291016
0.00041866302490234375
0.0007538795471191406
0.0006988048553466797
0.0006158351898193359
0.0007538795471191406
0.0004570484161376953
0.0005571842193603516
0.0006103515625
0.0013642311096191406
0.0006036758422851562
0.0006060600280761719
0.0007243156433105469
0.0005509853363037109
0.0005471706390380859
0.0011358261108398438
0.0007565021514892578
0.0006704330444335938
0.0009226799011230469
0.0009691715240478516
0.0011370182037353516
0.0009598731994628906
0.0013971328735351562
0.0007009506225585938
0.0014154911041259766
0.0008416175842285156
0.00089263916015625
0.00087738037109375
0.0014355182647705078
0.0011606216430664062
0.0007004737854003906
0.0015289783477783203
0.0014262199401855469
0.00047278404235839844
0.0006117820739746094
0.0006287097930908203
0.0008175373077392578
0.0008745193481445312
0.0008661746978759766
0.0007350444793701172
0.0006113052368164062
0.0009632110595703125
0.0005095005035400391
0.0005893707275390625
0.0005831718444824219
0.0008170604705810547
0.0008521080017089844
0.0006353855133056641
0.0003674030303955078
0.0006089210510253906
530.5351107120514
529.5351865291595
528.5364291667938
527.5348165035248
526.5245699882507
525.5230779647827
524.521279335022
523.519189119339
522.5087673664093
521.5026295185089
520.5007100105286
519.4435470104218
0.0005476474761962891
0.00048351287841796875
0.0007255077362060547
0.00057220458984375
0.000743865966796875
0.00103759765625
0.0005166530609130859
0.0006287097930908203
0.0019221305847167969
0.0012128353118896484
0.0011036396026611328
0.0011951923370361328
0.0007317066192626953
0.0007300376892089844
0.0016636848449707031
0.0007081031799316406
0.0005173683166503906
0.0004787445068359375
0.0006241798400878906
0.0007939338684082031
0.0011839866638183594
0.0006060600280761719
0.0004627704620361328
0.000728607177734375
0.0007269382476806641
0.0009102821350097656
0.0010960102081298828
0.0015964508056640625
0.0008800029754638672
0.0007658004760742188
0.0006020069122314453
0.0005047321319580078
0.0005955696105957031
0.0012693405151367188
0.0008592605590820312
0.0007369518280029297
0.0015194416046142578
0.0017242431640625
0.0011746883392333984
0.0014710426330566406
0.0008661746978759766
0.0008800029754638672
0.0007929801940917969
0.0008387565612792969
0.0011179447174072266
0.0011212825775146484
0.0006687641143798828
0.0008480548858642578
0.0006277561187744141
0.00104522705078125
0.000705718994140625
0.0007684230804443359
0.0015687942504882812
0.0010251998901367188
0.0005621910095214844
0.0012540817260742188
0.0015778541564941406
0.0005609989166259766
0.0006105899810791016
0.001499176025390625
0.00095367431640625
0.0006010532379150391
0.0006091594696044922
0.00044345855712890625
0.0005917549133300781
0.0005419254302978516
0.0007545948028564453
0.00038743019104003906
0.0004649162292480469
0.0016188621520996094
0.0017430782318115234
0.0006289482116699219
0.0007798671722412109
0.0007014274597167969
0.0008671283721923828
0.0009832382202148438
0.0010581016540527344
0.0009355545043945312
0.0006701946258544922
0.0003795623779296875
0.0009675025939941406
0.0006589889526367188
0.0010666847229003906
0.0006763935089111328
0.0004794597625732422
0.0004837512969970703
0.0011610984802246094
0.0008118152618408203
0.00048613548278808594
0.0006737709045410156
0.0007014274597167969
0.0004780292510986328
0.0005784034729003906
0.0005490779876708984
0.0005555152893066406
0.0006537437438964844
0.0007805824279785156
0.0006628036499023438
0.01088857650756836
0.0005464553833007812
0.0005719661712646484
0.0005426406860351562
0.0006465911865234375
0.0005738735198974609
0.0007700920104980469
0.0009582042694091797
0.0008656978607177734
0.0006353855133056641
0.0005815029144287109
0.0007355213165283203
0.0005414485931396484
0.0013916492462158203
0.0008800029754638672
0.0007927417755126953
0.0007786750793457031
0.0008168220520019531
0.0012280941009521484
0.0007357597351074219
0.0005197525024414062
0.0009334087371826172
0.0007157325744628906
0.0005736351013183594
0.000522613525390625
0.0014300346374511719
0.0011136531829833984
0.0011425018310546875
0.0006928443908691406
0.0010943412780761719
0.0012080669403076172
0.0005393028259277344
0.0011436939239501953
0.0007596015930175781
0.0011043548583984375
0.0007588863372802734
0.0004649162292480469
0.0006182193756103516
0.0020804405212402344
0.0008075237274169922
0.0032796859741210938
0.0006918907165527344
0.0008459091186523438
0.0006115436553955078
0.0005042552947998047
0.0007548332214355469
0.0018150806427001953
0.0007832050323486328
0.0005211830139160156
0.0008153915405273438
0.00046563148498535156
0.0008420944213867188
0.0008559226989746094
0.0007836818695068359
0.0006031990051269531
0.0010213851928710938
0.000980377197265625
0.0009884834289550781
0.0004971027374267578
0.001155853271484375
0.0006000995635986328
0.0011801719665527344
0.0011293888092041016
0.0006465911865234375
0.0006339550018310547
0.0006971359252929688
0.0007159709930419922
0.001047372817993164
0.0011589527130126953
0.0007481575012207031
0.0006644725799560547
0.0010495185852050781
0.0004706382751464844
0.0013937950134277344
0.0012066364288330078
0.0005977153778076172
0.0005908012390136719
0.0006711483001708984
0.0007963180541992188
0.0008666515350341797
0.0007071495056152344
0.0007672309875488281
0.0009963512420654297
0.0007812976837158203
0.0006084442138671875
0.0007138252258300781
0.0008890628814697266
0.0005269050598144531
0.0004909038543701172
0.0010883808135986328
0.0008847713470458984
53.40814781188965
52.4086639881134
51.40917110443115
50.41266894340515
49.361011266708374
48.3638858795166
47.29885292053223
46.29756784439087
45.29684090614319
44.29714822769165
43.29775333404541
42.26698112487793
41.266260862350464
40.249173164367676
39.24858045578003
38.24827837944031
37.24094295501709
