0.0005657672882080078
0.0008001327514648438
0.0006849765777587891
0.0008025169372558594
0.0008513927459716797
0.0006778240203857422
0.0008063316345214844
0.0006525516510009766
0.0006952285766601562
0.0011081695556640625
0.0006914138793945312
0.034722089767456055
0.0008096694946289062
0.0007445812225341797
0.0008273124694824219
0.0007493495941162109
0.0005156993865966797
0.00063323974609375
0.0009415149688720703
0.0005753040313720703
0.0006258487701416016
0.0008103847503662109
0.0012264251708984375
0.0005424022674560547
0.0006992816925048828
0.0004878044128417969
0.000553131103515625
0.00042438507080078125
0.0005173683166503906
0.0007245540618896484
0.0007371902465820312
0.0005757808685302734
0.0007162094116210938
0.0009212493896484375
0.0005543231964111328
0.0007486343383789062
0.0007085800170898438
0.0005762577056884766
0.0008828639984130859
0.0007545948028564453
0.0008547306060791016
0.00045013427734375
0.0006945133209228516
0.0007927417755126953
0.00077056884765625
